WARNING:  [09-04-2026 05:27:01] chroma_server_nofile is set to 65535, but this is less than current soft limit of 1048576. chroma_server_nofile will not be set.
INFO:     [09-04-2026 05:27:01] Anonymized telemetry enabled. See                     https://docs.trychroma.com/telemetry for more information.
DEBUG:    [09-04-2026 05:27:01] Starting component System
DEBUG:    [09-04-2026 05:27:01] Starting component OpenTelemetryClient
DEBUG:    [09-04-2026 05:27:01] Starting component SqliteDB
DEBUG:    [09-04-2026 05:27:01] Starting component SimpleQuotaEnforcer
DEBUG:    [09-04-2026 05:27:01] Starting component Posthog
DEBUG:    [09-04-2026 05:27:01] Starting component SimpleRateLimitEnforcer
DEBUG:    [09-04-2026 05:27:01] Starting component LocalSegmentManager
DEBUG:    [09-04-2026 05:27:01] Starting component LocalExecutor
DEBUG:    [09-04-2026 05:27:01] Starting component SegmentAPI
DEBUG:    [09-04-2026 05:27:01] Starting component SimpleAsyncRateLimitEnforcer
INFO:     [09-04-2026 05:27:01] Started server process [14302]
INFO:     [09-04-2026 05:27:01] Waiting for application startup.
INFO:     [09-04-2026 05:27:01] Application startup complete.
ERROR:    [09-04-2026 05:27:01] [Errno 98] error while attempting to bind on address ('::1', 8101, 0, 0): address already in use
INFO:     [09-04-2026 05:27:01] Waiting for application shutdown.
DEBUG:    [09-04-2026 05:27:01] Stopping component System
DEBUG:    [09-04-2026 05:27:01] Stopping component SegmentAPI
DEBUG:    [09-04-2026 05:27:01] Stopping component LocalExecutor
DEBUG:    [09-04-2026 05:27:01] Stopping component LocalSegmentManager
DEBUG:    [09-04-2026 05:27:01] Stopping component SimpleAsyncRateLimitEnforcer
DEBUG:    [09-04-2026 05:27:01] Stopping component SimpleRateLimitEnforcer
DEBUG:    [09-04-2026 05:27:01] Stopping component Posthog
DEBUG:    [09-04-2026 05:27:01] Stopping component SimpleQuotaEnforcer
DEBUG:    [09-04-2026 05:27:01] Stopping component SqliteDB
DEBUG:    [09-04-2026 05:27:01] Stopping component OpenTelemetryClient
INFO:     [09-04-2026 05:27:01] Application shutdown complete.
WARNING:  [09-04-2026 05:28:30] chroma_server_nofile is set to 65535, but this is less than current soft limit of 1048576. chroma_server_nofile will not be set.
INFO:     [09-04-2026 05:28:30] Anonymized telemetry enabled. See                     https://docs.trychroma.com/telemetry for more information.
DEBUG:    [09-04-2026 05:28:30] Starting component System
DEBUG:    [09-04-2026 05:28:30] Starting component OpenTelemetryClient
DEBUG:    [09-04-2026 05:28:30] Starting component SqliteDB
DEBUG:    [09-04-2026 05:28:30] Starting component SimpleQuotaEnforcer
DEBUG:    [09-04-2026 05:28:30] Starting component Posthog
DEBUG:    [09-04-2026 05:28:30] Starting component SimpleRateLimitEnforcer
DEBUG:    [09-04-2026 05:28:30] Starting component LocalSegmentManager
DEBUG:    [09-04-2026 05:28:30] Starting component LocalExecutor
DEBUG:    [09-04-2026 05:28:30] Starting component SegmentAPI
DEBUG:    [09-04-2026 05:28:30] Starting component SimpleAsyncRateLimitEnforcer
INFO:     [09-04-2026 05:28:30] Started server process [18503]
INFO:     [09-04-2026 05:28:30] Waiting for application startup.
INFO:     [09-04-2026 05:28:30] Application startup complete.
ERROR:    [09-04-2026 05:28:30] [Errno 98] error while attempting to bind on address ('::1', 8101, 0, 0): address already in use
INFO:     [09-04-2026 05:28:30] Waiting for application shutdown.
DEBUG:    [09-04-2026 05:28:30] Stopping component System
DEBUG:    [09-04-2026 05:28:30] Stopping component SegmentAPI
DEBUG:    [09-04-2026 05:28:30] Stopping component LocalExecutor
DEBUG:    [09-04-2026 05:28:30] Stopping component LocalSegmentManager
DEBUG:    [09-04-2026 05:28:30] Stopping component SimpleAsyncRateLimitEnforcer
DEBUG:    [09-04-2026 05:28:30] Stopping component SimpleRateLimitEnforcer
DEBUG:    [09-04-2026 05:28:30] Stopping component Posthog
DEBUG:    [09-04-2026 05:28:30] Stopping component SimpleQuotaEnforcer
DEBUG:    [09-04-2026 05:28:30] Stopping component SqliteDB
DEBUG:    [09-04-2026 05:28:30] Stopping component OpenTelemetryClient
INFO:     [09-04-2026 05:28:30] Application shutdown complete.
